[2020-06-15 15:58:20] [info]  [ 5916] Apache Commons Daemon procrun (1.2.2.0 64-bit) started.
[2020-06-15 15:58:20] [info]  [ 5916] Installing service 'Tomcat9' name 'Apache Tomcat 9.0 Tomcat9'.
[2020-06-15 15:58:20] [info]  [ 5916] Service 'Tomcat9' installed.
[2020-06-15 15:58:20] [info]  [ 5916] Apache Commons Daemon procrun finished.
[2020-06-15 15:58:20] [info]  [ 1216] Apache Commons Daemon procrun (1.2.2.0 64-bit) started.
[2020-06-15 15:58:20] [info]  [ 1216] Updating service...
[2020-06-15 15:58:20] [info]  [ 1216] Updated service 'Tomcat9'.
[2020-06-15 15:58:20] [info]  [ 1216] Finished updating service 'Tomcat9'.
[2020-06-15 15:58:20] [info]  [ 1216] Apache Commons Daemon procrun finished.
[2020-06-15 15:58:21] [info]  [ 4044] Apache Commons Daemon procrun (1.2.2.0 64-bit) started.
[2020-06-15 15:58:21] [info]  [ 4044] Updating service...
[2020-06-15 15:58:21] [info]  [ 4044] Updated service 'Tomcat9'.
[2020-06-15 15:58:21] [info]  [ 4044] Finished updating service 'Tomcat9'.
[2020-06-15 15:58:21] [info]  [ 4044] Apache Commons Daemon procrun finished.
[2020-06-15 15:58:21] [info]  [ 3284] Apache Commons Daemon procrun (1.2.2.0 64-bit) started.
[2020-06-15 15:58:21] [info]  [ 3284] Updating service...
[2020-06-15 15:58:21] [info]  [ 3284] Updated service 'Tomcat9'.
[2020-06-15 15:58:21] [info]  [ 3284] Finished updating service 'Tomcat9'.
[2020-06-15 15:58:21] [info]  [ 3284] Apache Commons Daemon procrun finished.
[2020-06-15 15:58:21] [info]  [ 3064] Apache Commons Daemon procrun (1.2.2.0 64-bit) started.
[2020-06-15 15:58:21] [info]  [ 3064] Updating service...
[2020-06-15 15:58:21] [info]  [ 3064] Updated service 'Tomcat9'.
[2020-06-15 15:58:21] [info]  [ 3064] Finished updating service 'Tomcat9'.
[2020-06-15 15:58:21] [info]  [ 3064] Apache Commons Daemon procrun finished.
[2020-06-15 15:58:21] [info]  [ 3048] Apache Commons Daemon procrun (1.2.2.0 64-bit) started.
[2020-06-15 15:58:21] [info]  [ 3048] Updating service...
[2020-06-15 15:58:21] [info]  [ 3048] Updated service 'Tomcat9'.
[2020-06-15 15:58:21] [info]  [ 3048] Finished updating service 'Tomcat9'.
[2020-06-15 15:58:21] [info]  [ 3048] Apache Commons Daemon procrun finished.
[2020-06-15 15:58:26] [info]  [ 2392] Apache Commons Daemon procrun (1.2.2.0 64-bit) started.
[2020-06-15 15:58:26] [info]  [ 2392] Running Service 'Tomcat9'...
[2020-06-15 15:58:26] [info]  [ 6036] Starting service...
[2020-06-15 15:58:27] [info]  [ 6036] Service started in 1212 milliseconds.
[2020-06-15 15:58:34] [info]  [ 5704] Stopping service...
[2020-06-15 15:58:35] [info]  [ 5704] Service stop thread completed.
[2020-06-15 15:58:35] [info]  [ 2392] Run service finished.
[2020-06-15 15:58:35] [info]  [ 2392] Apache Commons Daemon procrun finished.
[2020-06-15 15:58:43] [info]  [ 4160] Apache Commons Daemon procrun (1.2.2.0 64-bit) started.
[2020-06-15 15:58:43] [info]  [ 4160] Running Service 'Tomcat9'...
[2020-06-15 15:58:43] [info]  [ 2772] Starting service...
[2020-06-15 15:58:45] [info]  [ 2772] Service started in 1247 milliseconds.
[2020-06-15 15:59:01] [info]  [ 5492] Stopping service...
[2020-06-15 15:59:02] [info]  [ 5492] Service stop thread completed.
[2020-06-15 15:59:02] [info]  [ 4160] Run service finished.
[2020-06-15 15:59:02] [info]  [ 4160] Apache Commons Daemon procrun finished.
[2020-06-15 15:59:14] [info]  [ 4508] Apache Commons Daemon procrun (1.2.2.0 64-bit) started.
[2020-06-15 15:59:14] [info]  [ 4508] Running Service 'Tomcat9'...
[2020-06-15 15:59:14] [info]  [ 6056] Starting service...
[2020-06-15 15:59:15] [info]  [ 6056] Service started in 1208 milliseconds.
[2020-06-15 16:02:05] [info]  [ 2980] Stopping service...
[2020-06-15 16:02:06] [info]  [ 2980] Service stop thread completed.
[2020-06-15 16:02:06] [info]  [ 4508] Run service finished.
[2020-06-15 16:02:06] [info]  [ 4508] Apache Commons Daemon procrun finished.
[2020-06-15 16:02:09] [info]  [ 4876] Apache Commons Daemon procrun (1.2.2.0 64-bit) started.
[2020-06-15 16:02:09] [info]  [ 4876] Running Service 'Tomcat9'...
[2020-06-15 16:02:09] [info]  [ 5468] Starting service...
[2020-06-15 16:02:11] [info]  [ 5468] Service started in 1207 milliseconds.
[2020-06-15 16:05:36] [info]  [ 7052] Stopping service...
[2020-06-15 16:05:37] [info]  [ 7052] Service stop thread completed.
[2020-06-15 16:05:37] [info]  [ 4876] Run service finished.
[2020-06-15 16:05:37] [info]  [ 4876] Apache Commons Daemon procrun finished.
[2020-06-15 16:05:40] [info]  [ 7096] Apache Commons Daemon procrun (1.2.2.0 64-bit) started.
[2020-06-15 16:05:40] [info]  [ 7096] Running Service 'Tomcat9'...
[2020-06-15 16:05:40] [info]  [ 7128] Starting service...
[2020-06-15 16:05:41] [info]  [ 7128] Service started in 1248 milliseconds.
[2020-06-15 16:10:22] [info]  [ 4712] Stopping service...
[2020-06-15 16:10:23] [info]  [ 4712] Service stop thread completed.
[2020-06-15 16:10:23] [info]  [ 7096] Run service finished.
[2020-06-15 16:10:23] [info]  [ 7096] Apache Commons Daemon procrun finished.
[2020-06-15 16:10:26] [info]  [ 7104] Apache Commons Daemon procrun (1.2.2.0 64-bit) started.
[2020-06-15 16:10:26] [info]  [ 7104] Running Service 'Tomcat9'...
[2020-06-15 16:10:26] [info]  [ 4732] Starting service...
[2020-06-15 16:10:27] [info]  [ 4732] Service started in 1207 milliseconds.
[2020-06-15 16:11:08] [info]  [ 3420] Stopping service...
[2020-06-15 16:11:09] [info]  [ 3420] Service stop thread completed.
[2020-06-15 16:11:09] [info]  [ 7104] Run service finished.
[2020-06-15 16:11:09] [info]  [ 7104] Apache Commons Daemon procrun finished.
[2020-06-15 16:11:33] [info]  [ 5512] Apache Commons Daemon procrun (1.2.2.0 64-bit) started.
[2020-06-15 16:11:33] [info]  [ 5512] Debugging 'Tomcat9' service...
[2020-06-15 16:11:33] [info]  [ 5512] Starting service...
[2020-06-15 16:11:34] [info]  [ 5512] Service started in 1215 milliseconds.
[2020-06-15 16:12:48] [info]  [ 7104] Apache Commons Daemon procrun (1.2.2.0 64-bit) started.
[2020-06-15 16:12:48] [info]  [ 7104] Running Service 'Tomcat9'...
[2020-06-15 16:12:48] [info]  [ 5392] Starting service...
[2020-06-15 16:12:49] [info]  [ 5392] Service started in 1214 milliseconds.
[2020-06-15 16:13:04] [info]  [ 6792] Console CTRL+CLOSE event signaled.
[2020-06-15 16:13:04] [info]  [ 6792] Stopping service...
[2020-06-15 16:13:05] [info]  [ 6792] Service stop thread completed.
[2020-06-15 16:13:05] [info]  [ 1032] Console CTRL+BREAK event signaled.
[2020-06-15 16:13:12] [info]  [ 3372] Apache Commons Daemon procrun (1.2.2.0 64-bit) started.
[2020-06-15 16:13:12] [info]  [ 3372] Debugging 'Tomcat9' service...
[2020-06-15 16:13:12] [info]  [ 3372] Starting service...
[2020-06-15 16:13:13] [info]  [ 3372] Service started in 1189 milliseconds.
[2020-06-15 16:13:44] [info]  [ 5460] Stopping service...
[2020-06-15 16:13:45] [info]  [ 5468] Console CTRL+BREAK event signaled.
[2020-06-15 16:13:45] [info]  [ 5460] Service stop thread completed.
[2020-06-15 16:13:45] [info]  [ 7104] Run service finished.
[2020-06-15 16:13:45] [info]  [ 7104] Apache Commons Daemon procrun finished.
[2020-06-15 16:13:53] [info]  [ 7096] Apache Commons Daemon procrun (1.2.2.0 64-bit) started.
[2020-06-15 16:13:53] [info]  [ 7096] Running Service 'Tomcat9'...
[2020-06-15 16:13:53] [info]  [ 3564] Starting service...
[2020-06-15 16:13:54] [info]  [ 3564] Service started in 1226 milliseconds.
[2020-06-15 16:14:09] [info]  [ 6628] Console CTRL+CLOSE event signaled.
[2020-06-15 16:14:09] [info]  [ 6628] Stopping service...
[2020-06-15 16:14:10] [info]  [ 6628] Service stop thread completed.
[2020-06-15 16:14:10] [info]  [ 4364] Console CTRL+BREAK event signaled.
[2020-06-15 16:14:13] [info]  [ 6504] Stopping service...
[2020-06-15 16:14:14] [info]  [ 6504] Service stop thread completed.
[2020-06-15 16:14:14] [info]  [ 7096] Run service finished.
[2020-06-15 16:14:14] [info]  [ 7096] Apache Commons Daemon procrun finished.
[2020-06-15 16:14:22] [info]  [ 6996] Apache Commons Daemon procrun (1.2.2.0 64-bit) started.
[2020-06-15 16:14:22] [info]  [ 6996] Running Service 'Tomcat9'...
[2020-06-15 16:14:22] [info]  [ 7028] Starting service...
[2020-06-15 16:14:23] [info]  [ 7028] Service started in 1220 milliseconds.
[2020-06-15 16:14:47] [info]  [ 4424] Stopping service...
[2020-06-15 16:14:48] [info]  [ 4424] Service stop thread completed.
[2020-06-15 16:14:48] [info]  [ 6996] Run service finished.
[2020-06-15 16:14:48] [info]  [ 6996] Apache Commons Daemon procrun finished.
[2020-06-15 16:14:53] [info]  [ 1452] Apache Commons Daemon procrun (1.2.2.0 64-bit) started.
[2020-06-15 16:14:53] [info]  [ 1452] Running Service 'Tomcat9'...
[2020-06-15 16:14:53] [info]  [ 5544] Starting service...
[2020-06-15 16:14:54] [info]  [ 5544] Service started in 1212 milliseconds.
[2020-06-15 16:15:41] [info]  [ 2232] Stopping service...
[2020-06-15 16:15:49] [info]  [ 2232] Service stop thread completed.
[2020-06-15 16:15:49] [info]  [ 1452] Run service finished.
[2020-06-15 16:15:49] [info]  [ 1452] Apache Commons Daemon procrun finished.
[2020-06-15 16:15:57] [info]  [ 4844] Apache Commons Daemon procrun (1.2.2.0 64-bit) started.
[2020-06-15 16:15:57] [info]  [ 4844] Running Service 'Tomcat9'...
[2020-06-15 16:15:57] [info]  [ 6648] Starting service...
[2020-06-15 16:15:58] [info]  [ 6648] Service started in 1207 milliseconds.
[2020-06-15 16:16:38] [info]  [ 5092] Stopping service...
[2020-06-15 16:16:39] [info]  [ 5092] Service stop thread completed.
[2020-06-15 16:16:39] [info]  [ 4844] Run service finished.
[2020-06-15 16:16:39] [info]  [ 4844] Apache Commons Daemon procrun finished.
[2020-06-15 16:16:59] [info]  [ 6984] Apache Commons Daemon procrun (1.2.2.0 64-bit) started.
[2020-06-15 16:16:59] [info]  [ 6984] Debugging 'Tomcat9' service...
[2020-06-15 16:16:59] [info]  [ 6984] Starting service...
[2020-06-15 16:17:00] [info]  [ 6984] Service started in 1201 milliseconds.
[2020-06-15 16:17:30] [info]  [ 4432] Apache Commons Daemon procrun (1.2.2.0 64-bit) started.
[2020-06-15 16:17:30] [info]  [ 4432] Running Service 'Tomcat9'...
[2020-06-15 16:17:30] [info]  [ 6804] Starting service...
[2020-06-15 16:17:31] [info]  [ 6804] Service started in 1201 milliseconds.
[2020-06-15 16:17:53] [info]  [ 4024] Console CTRL+CLOSE event signaled.
[2020-06-15 16:17:53] [info]  [ 4024] Stopping service...
[2020-06-15 16:17:54] [info]  [ 4024] Service stop thread completed.
[2020-06-15 16:17:54] [info]  [ 3180] Console CTRL+BREAK event signaled.
[2020-06-15 16:18:43] [info]  [ 4972] Apache Commons Daemon procrun (1.2.2.0 64-bit) started.
[2020-06-15 16:18:43] [info]  [ 4972] Debugging 'Tomcat9' service...
[2020-06-15 16:18:43] [info]  [ 4972] Starting service...
[2020-06-15 16:18:44] [info]  [ 4972] Service started in 1261 milliseconds.
[2020-06-15 16:20:00] [info]  [ 2332] Console CTRL+CLOSE event signaled.
[2020-06-15 16:20:00] [info]  [ 2332] Stopping service...
[2020-06-15 16:20:01] [info]  [ 2332] Service stop thread completed.
[2020-06-15 16:20:01] [info]  [ 3352] Console CTRL+BREAK event signaled.
[2020-06-15 16:26:43] [info]  [ 5104] Apache Commons Daemon procrun (1.2.2.0 64-bit) started.
[2020-06-15 16:26:43] [info]  [ 5104] Debugging 'Tomcat9' service...
[2020-06-15 16:26:43] [info]  [ 5104] Starting service...
[2020-06-15 16:26:44] [info]  [ 5104] Service started in 1254 milliseconds.
[2020-06-15 16:27:07] [info]  [ 4100] Console CTRL+CLOSE event signaled.
[2020-06-15 16:27:07] [info]  [ 4100] Stopping service...
[2020-06-15 16:27:14] [info]  [ 5856] Apache Commons Daemon procrun (1.2.2.0 64-bit) started.
[2020-06-15 16:27:14] [info]  [ 5856] Debugging 'Tomcat9' service...
[2020-06-15 16:27:14] [info]  [ 5856] Starting service...
[2020-06-15 16:27:15] [info]  [ 5856] Service started in 1207 milliseconds.
[2020-06-15 16:28:02] [info]  [ 4876] Console CTRL+CLOSE event signaled.
[2020-06-15 16:28:02] [info]  [ 4876] Stopping service...
[2020-06-15 16:28:03] [info]  [ 4876] Service stop thread completed.
[2020-06-15 16:28:03] [info]  [ 3088] Console CTRL+BREAK event signaled.
[2020-06-15 16:28:16] [info]  [ 6916] Stopping service...
[2020-06-15 16:28:17] [info]  [ 6916] Service stop thread completed.
[2020-06-15 16:28:17] [info]  [ 4432] Run service finished.
[2020-06-15 16:28:17] [info]  [ 4432] Apache Commons Daemon procrun finished.
[2020-06-15 16:28:25] [info]  [ 4496] Apache Commons Daemon procrun (1.2.2.0 64-bit) started.
[2020-06-15 16:28:25] [info]  [ 4496] Running Service 'Tomcat9'...
[2020-06-15 16:28:25] [info]  [ 6084] Starting service...
[2020-06-15 16:28:27] [info]  [ 6084] Service started in 1214 milliseconds.
[2020-06-15 16:29:28] [info]  [ 7008] Apache Commons Daemon procrun (1.2.2.0 64-bit) started.
[2020-06-15 16:29:28] [info]  [ 7008] Debugging 'tomcat9' service...
[2020-06-15 16:29:28] [info]  [ 7008] Starting service...
[2020-06-15 16:29:29] [info]  [ 7008] Service started in 1213 milliseconds.
[2020-06-15 16:32:10] [info]  [ 5560] Console CTRL+CLOSE event signaled.
[2020-06-15 16:32:10] [info]  [ 5560] Stopping service...
[2020-06-15 16:32:11] [info]  [ 5560] Service stop thread completed.
[2020-06-15 16:32:11] [info]  [ 6484] Console CTRL+BREAK event signaled.
