
2020-06-15 15:58:26 Apache Commons Daemon procrun stdout initialized.

2020-06-15 15:58:43 Apache Commons Daemon procrun stdout initialized.

2020-06-15 15:59:14 Apache Commons Daemon procrun stdout initialized.

2020-06-15 16:02:09 Apache Commons Daemon procrun stdout initialized.

2020-06-15 16:05:40 Apache Commons Daemon procrun stdout initialized.

2020-06-15 16:10:26 Apache Commons Daemon procrun stdout initialized.

2020-06-15 16:12:48 Apache Commons Daemon procrun stdout initialized.
2020-06-15 16:13:05
Full thread dump Java HotSpot(TM) 64-Bit Server VM (25.251-b08 mixed mode):

"Catalina-utility-2" #17 prio=1 os_prio=-2 tid=0x00000000582f6000 nid=0x1750 waiting on condition [0x000000005910e000]
   java.lang.Thread.State: TIMED_WAITING (parking)
	at sun.misc.Unsafe.park(Native Method)
	- parking to wait for  <0x00000000f1a224a0> (a java.util.concurrent.locks.AbstractQueuedSynchronizer$ConditionObject)
	at java.util.concurrent.locks.LockSupport.parkNanos(Unknown Source)
	at java.util.concurrent.locks.AbstractQueuedSynchronizer$ConditionObject.awaitNanos(Unknown Source)
	at java.util.concurrent.ScheduledThreadPoolExecutor$DelayedWorkQueue.take(Unknown Source)
	at java.util.concurrent.ScheduledThreadPoolExecutor$DelayedWorkQueue.take(Unknown Source)
	at java.util.concurrent.ThreadPoolExecutor.getTask(Unknown Source)
	at java.util.concurrent.ThreadPoolExecutor.runWorker(Unknown Source)
	at java.util.concurrent.ThreadPoolExecutor$Worker.run(Unknown Source)
	at org.apache.tomcat.util.threads.TaskThread$WrappingRunnable.run(TaskThread.java:61)
	at java.lang.Thread.run(Unknown Source)

"Catalina-utility-1" #16 prio=1 os_prio=-2 tid=0x00000000582f5000 nid=0x1a7c waiting on condition [0x0000000058f7e000]
   java.lang.Thread.State: WAITING (parking)
	at sun.misc.Unsafe.park(Native Method)
	- parking to wait for  <0x00000000f1a224a0> (a java.util.concurrent.locks.AbstractQueuedSynchronizer$ConditionObject)
	at java.util.concurrent.locks.LockSupport.park(Unknown Source)
	at java.util.concurrent.locks.AbstractQueuedSynchronizer$ConditionObject.await(Unknown Source)
	at java.util.concurrent.ScheduledThreadPoolExecutor$DelayedWorkQueue.take(Unknown Source)
	at java.util.concurrent.ScheduledThreadPoolExecutor$DelayedWorkQueue.take(Unknown Source)
	at java.util.concurrent.ThreadPoolExecutor.getTask(Unknown Source)
	at java.util.concurrent.ThreadPoolExecutor.runWorker(Unknown Source)
	at java.util.concurrent.ThreadPoolExecutor$Worker.run(Unknown Source)
	at org.apache.tomcat.util.threads.TaskThread$WrappingRunnable.run(TaskThread.java:61)
	at java.lang.Thread.run(Unknown Source)

"GC Daemon" #15 daemon prio=2 os_prio=-2 tid=0x0000000054ce9000 nid=0x1148 in Object.wait() [0x000000005536f000]
   java.lang.Thread.State: TIMED_WAITING (on object monitor)
	at java.lang.Object.wait(Native Method)
	- waiting on <0x00000000f1c23748> (a sun.misc.GC$LatencyLock)
	at sun.misc.GC$Daemon.run(Unknown Source)
	- locked <0x00000000f1c23748> (a sun.misc.GC$LatencyLock)

"mysql-cj-abandoned-connection-cleanup" #14 daemon prio=5 os_prio=0 tid=0x0000000054cde800 nid=0x1b58 in Object.wait() [0x000000005471f000]
   java.lang.Thread.State: TIMED_WAITING (on object monitor)
	at java.lang.Object.wait(Native Method)
	- waiting on <0x00000000f1c32b00> (a java.lang.ref.ReferenceQueue$Lock)
	at java.lang.ref.ReferenceQueue.remove(Unknown Source)
	- locked <0x00000000f1c32b00> (a java.lang.ref.ReferenceQueue$Lock)
	at com.mysql.jdbc.AbandonedConnectionCleanupThread.run(AbandonedConnectionCleanupThread.java:80)
	at java.util.concurrent.ThreadPoolExecutor.runWorker(Unknown Source)
	at java.util.concurrent.ThreadPoolExecutor$Worker.run(Unknown Source)
	at java.lang.Thread.run(Unknown Source)

"FileHandlerLogFilesCleaner-1" #13 daemon prio=5 os_prio=0 tid=0x0000000054068800 nid=0xcd4 waiting on condition [0x00000000551fe000]
   java.lang.Thread.State: WAITING (parking)
	at sun.misc.Unsafe.park(Native Method)
	- parking to wait for  <0x00000000f1a14d20> (a java.util.concurrent.locks.AbstractQueuedSynchronizer$ConditionObject)
	at java.util.concurrent.locks.LockSupport.park(Unknown Source)
	at java.util.concurrent.locks.AbstractQueuedSynchronizer$ConditionObject.await(Unknown Source)
	at java.util.concurrent.LinkedBlockingQueue.take(Unknown Source)
	at java.util.concurrent.ThreadPoolExecutor.getTask(Unknown Source)
	at java.util.concurrent.ThreadPoolExecutor.runWorker(Unknown Source)
	at java.util.concurrent.ThreadPoolExecutor$Worker.run(Unknown Source)
	at java.lang.Thread.run(Unknown Source)

"AsyncFileHandlerWriter-1878246837" #12 daemon prio=5 os_prio=0 tid=0x0000000053e7a000 nid=0x178 waiting on condition [0x000000005482f000]
   java.lang.Thread.State: TIMED_WAITING (parking)
	at sun.misc.Unsafe.park(Native Method)
	- parking to wait for  <0x00000000f1a193f0> (a java.util.concurrent.locks.AbstractQueuedSynchronizer$ConditionObject)
	at java.util.concurrent.locks.LockSupport.parkNanos(Unknown Source)
	at java.util.concurrent.locks.AbstractQueuedSynchronizer$ConditionObject.awaitNanos(Unknown Source)
	at java.util.concurrent.LinkedBlockingDeque.pollFirst(Unknown Source)
	at java.util.concurrent.LinkedBlockingDeque.poll(Unknown Source)
	at org.apache.juli.AsyncFileHandler$LoggerThread.run(AsyncFileHandler.java:159)

"Service Thread" #9 daemon prio=9 os_prio=0 tid=0x0000000053d68000 nid=0x19f0 runnable [0x0000000000000000]
   java.lang.Thread.State: RUNNABLE

"C1 CompilerThread2" #8 daemon prio=9 os_prio=2 tid=0x0000000053d34800 nid=0x12e0 waiting on condition [0x0000000000000000]
   java.lang.Thread.State: RUNNABLE

"C2 CompilerThread1" #7 daemon prio=9 os_prio=2 tid=0x0000000053d29800 nid=0x1164 waiting on condition [0x0000000000000000]
   java.lang.Thread.State: RUNNABLE

"C2 CompilerThread0" #6 daemon prio=9 os_prio=2 tid=0x00000000523f8800 nid=0xb28 waiting on condition [0x0000000000000000]
   java.lang.Thread.State: RUNNABLE

"Attach Listener" #5 daemon prio=5 os_prio=2 tid=0x00000000523f5800 nid=0x14b0 runnable [0x0000000000000000]
   java.lang.Thread.State: RUNNABLE

"Signal Dispatcher" #4 daemon prio=9 os_prio=2 tid=0x00000000523ff000 nid=0x1534 waiting on condition [0x0000000000000000]
   java.lang.Thread.State: RUNNABLE

"Finalizer" #3 daemon prio=8 os_prio=1 tid=0x00000000523dd800 nid=0x1508 in Object.wait() [0x000000005375e000]
   java.lang.Thread.State: WAITING (on object monitor)
	at java.lang.Object.wait(Native Method)
	- waiting on <0x00000000f1999238> (a java.lang.ref.ReferenceQueue$Lock)
	at java.lang.ref.ReferenceQueue.remove(Unknown Source)
	- locked <0x00000000f1999238> (a java.lang.ref.ReferenceQueue$Lock)
	at java.lang.ref.ReferenceQueue.remove(Unknown Source)
	at java.lang.ref.Finalizer$FinalizerThread.run(Unknown Source)

"Reference Handler" #2 daemon prio=10 os_prio=2 tid=0x0000000052397000 nid=0x1054 in Object.wait() [0x000000005344f000]
   java.lang.Thread.State: WAITING (on object monitor)
	at java.lang.Object.wait(Native Method)
	- waiting on <0x00000000f1c3dd08> (a java.lang.ref.Reference$Lock)
	at java.lang.Object.wait(Unknown Source)
	at java.lang.ref.Reference.tryHandlePending(Unknown Source)
	- locked <0x00000000f1c3dd08> (a java.lang.ref.Reference$Lock)
	at java.lang.ref.Reference$ReferenceHandler.run(Unknown Source)

"main" #1 prio=5 os_prio=0 tid=0x000000000034e800 nid=0xc68 waiting on condition [0x000000000143e000]
   java.lang.Thread.State: TIMED_WAITING (sleeping)
	at java.lang.Thread.sleep(Native Method)
	at org.apache.catalina.core.StandardServer.await(StandardServer.java:570)
	at org.apache.catalina.startup.Catalina.await(Catalina.java:721)
	at org.apache.catalina.startup.Catalina.start(Catalina.java:667)
	at sun.reflect.NativeMethodAccessorImpl.invoke0(Native Method)
	at sun.reflect.NativeMethodAccessorImpl.invoke(Unknown Source)
	at sun.reflect.DelegatingMethodAccessorImpl.invoke(Unknown Source)
	at java.lang.reflect.Method.invoke(Unknown Source)
	at org.apache.catalina.startup.Bootstrap.start(Bootstrap.java:343)
	at org.apache.catalina.startup.Bootstrap.main(Bootstrap.java:474)

"VM Thread" os_prio=2 tid=0x000000005238b000 nid=0x171c runnable 

"GC task thread#0 (ParallelGC)" os_prio=0 tid=0x000000000123d000 nid=0x1984 runnable 

"GC task thread#1 (ParallelGC)" os_prio=0 tid=0x000000000123e800 nid=0x19ec runnable 

"GC task thread#2 (ParallelGC)" os_prio=0 tid=0x0000000001240000 nid=0x10e8 runnable 

"GC task thread#3 (ParallelGC)" os_prio=0 tid=0x0000000001243800 nid=0x5d8 runnable 

"VM Periodic Task Thread" os_prio=2 tid=0x0000000053d93000 nid=0x1674 waiting on condition 

JNI global references: 261

Heap
 PSYoungGen      total 69632K, used 61445K [0x00000000fab00000, 0x0000000100000000, 0x0000000100000000)
  eden space 53760K, 97% used [0x00000000fab00000,0x00000000fde17508,0x00000000fdf80000)
  from space 15872K, 57% used [0x00000000fdf80000,0x00000000fe86a268,0x00000000fef00000)
  to   space 15872K, 0% used [0x00000000ff080000,0x00000000ff080000,0x0000000100000000)
 ParOldGen       total 87552K, used 31192K [0x00000000f0000000, 0x00000000f5580000, 0x00000000fab00000)
  object space 87552K, 35% used [0x00000000f0000000,0x00000000f1e76170,0x00000000f5580000)
 Metaspace       used 17985K, capacity 18464K, committed 18688K, reserved 1064960K
  class space    used 2011K, capacity 2188K, committed 2304K, reserved 1048576K


2020-06-15 16:13:53 Apache Commons Daemon procrun stdout initialized.
2020-06-15 16:14:10
Full thread dump Java HotSpot(TM) 64-Bit Server VM (25.251-b08 mixed mode):

"Catalina-utility-2" #17 prio=1 os_prio=-2 tid=0x000000005899f000 nid=0x1718 waiting on condition [0x00000000551fe000]
   java.lang.Thread.State: WAITING (parking)
	at sun.misc.Unsafe.park(Native Method)
	- parking to wait for  <0x00000000f19f0420> (a java.util.concurrent.locks.AbstractQueuedSynchronizer$ConditionObject)
	at java.util.concurrent.locks.LockSupport.park(Unknown Source)
	at java.util.concurrent.locks.AbstractQueuedSynchronizer$ConditionObject.await(Unknown Source)
	at java.util.concurrent.ScheduledThreadPoolExecutor$DelayedWorkQueue.take(Unknown Source)
	at java.util.concurrent.ScheduledThreadPoolExecutor$DelayedWorkQueue.take(Unknown Source)
	at java.util.concurrent.ThreadPoolExecutor.getTask(Unknown Source)
	at java.util.concurrent.ThreadPoolExecutor.runWorker(Unknown Source)
	at java.util.concurrent.ThreadPoolExecutor$Worker.run(Unknown Source)
	at org.apache.tomcat.util.threads.TaskThread$WrappingRunnable.run(TaskThread.java:61)
	at java.lang.Thread.run(Unknown Source)

"Catalina-utility-1" #16 prio=1 os_prio=-2 tid=0x000000005899e800 nid=0x1974 waiting on condition [0x00000000545fe000]
   java.lang.Thread.State: TIMED_WAITING (parking)
	at sun.misc.Unsafe.park(Native Method)
	- parking to wait for  <0x00000000f19f0420> (a java.util.concurrent.locks.AbstractQueuedSynchronizer$ConditionObject)
	at java.util.concurrent.locks.LockSupport.parkNanos(Unknown Source)
	at java.util.concurrent.locks.AbstractQueuedSynchronizer$ConditionObject.awaitNanos(Unknown Source)
	at java.util.concurrent.ScheduledThreadPoolExecutor$DelayedWorkQueue.take(Unknown Source)
	at java.util.concurrent.ScheduledThreadPoolExecutor$DelayedWorkQueue.take(Unknown Source)
	at java.util.concurrent.ThreadPoolExecutor.getTask(Unknown Source)
	at java.util.concurrent.ThreadPoolExecutor.runWorker(Unknown Source)
	at java.util.concurrent.ThreadPoolExecutor$Worker.run(Unknown Source)
	at org.apache.tomcat.util.threads.TaskThread$WrappingRunnable.run(TaskThread.java:61)
	at java.lang.Thread.run(Unknown Source)

"GC Daemon" #15 daemon prio=2 os_prio=-2 tid=0x00000000554b9000 nid=0xba4 in Object.wait() [0x00000000567cf000]
   java.lang.Thread.State: TIMED_WAITING (on object monitor)
	at java.lang.Object.wait(Native Method)
	- waiting on <0x00000000f1b71918> (a sun.misc.GC$LatencyLock)
	at sun.misc.GC$Daemon.run(Unknown Source)
	- locked <0x00000000f1b71918> (a sun.misc.GC$LatencyLock)

"mysql-cj-abandoned-connection-cleanup" #14 daemon prio=5 os_prio=0 tid=0x0000000054ad1000 nid=0x12ec in Object.wait() [0x000000005662e000]
   java.lang.Thread.State: TIMED_WAITING (on object monitor)
	at java.lang.Object.wait(Native Method)
	- waiting on <0x00000000f1c07228> (a java.lang.ref.ReferenceQueue$Lock)
	at java.lang.ref.ReferenceQueue.remove(Unknown Source)
	- locked <0x00000000f1c07228> (a java.lang.ref.ReferenceQueue$Lock)
	at com.mysql.jdbc.AbandonedConnectionCleanupThread.run(AbandonedConnectionCleanupThread.java:80)
	at java.util.concurrent.ThreadPoolExecutor.runWorker(Unknown Source)
	at java.util.concurrent.ThreadPoolExecutor$Worker.run(Unknown Source)
	at java.lang.Thread.run(Unknown Source)

"FileHandlerLogFilesCleaner-1" #13 daemon prio=5 os_prio=0 tid=0x0000000054735000 nid=0x73c waiting on condition [0x000000005507e000]
   java.lang.Thread.State: WAITING (parking)
	at sun.misc.Unsafe.park(Native Method)
	- parking to wait for  <0x00000000f1961440> (a java.util.concurrent.locks.AbstractQueuedSynchronizer$ConditionObject)
	at java.util.concurrent.locks.LockSupport.park(Unknown Source)
	at java.util.concurrent.locks.AbstractQueuedSynchronizer$ConditionObject.await(Unknown Source)
	at java.util.concurrent.LinkedBlockingQueue.take(Unknown Source)
	at java.util.concurrent.ThreadPoolExecutor.getTask(Unknown Source)
	at java.util.concurrent.ThreadPoolExecutor.runWorker(Unknown Source)
	at java.util.concurrent.ThreadPoolExecutor$Worker.run(Unknown Source)
	at java.lang.Thread.run(Unknown Source)

"AsyncFileHandlerWriter-1878246837" #12 daemon prio=5 os_prio=0 tid=0x0000000053cce000 nid=0x408 waiting on condition [0x00000000546ff000]
   java.lang.Thread.State: TIMED_WAITING (parking)
	at sun.misc.Unsafe.park(Native Method)
	- parking to wait for  <0x00000000f1964dd8> (a java.util.concurrent.locks.AbstractQueuedSynchronizer$ConditionObject)
	at java.util.concurrent.locks.LockSupport.parkNanos(Unknown Source)
	at java.util.concurrent.locks.AbstractQueuedSynchronizer$ConditionObject.awaitNanos(Unknown Source)
	at java.util.concurrent.LinkedBlockingDeque.pollFirst(Unknown Source)
	at java.util.concurrent.LinkedBlockingDeque.poll(Unknown Source)
	at org.apache.juli.AsyncFileHandler$LoggerThread.run(AsyncFileHandler.java:159)

"Service Thread" #9 daemon prio=9 os_prio=0 tid=0x0000000053bb5800 nid=0x700 runnable [0x0000000000000000]
   java.lang.Thread.State: RUNNABLE

"C1 CompilerThread2" #8 daemon prio=9 os_prio=2 tid=0x0000000053b59000 nid=0xfd0 waiting on condition [0x0000000000000000]
   java.lang.Thread.State: RUNNABLE

"C2 CompilerThread1" #7 daemon prio=9 os_prio=2 tid=0x0000000053b54000 nid=0x1a94 waiting on condition [0x0000000000000000]
   java.lang.Thread.State: RUNNABLE

"C2 CompilerThread0" #6 daemon prio=9 os_prio=2 tid=0x00000000525cb800 nid=0x1a24 waiting on condition [0x0000000000000000]
   java.lang.Thread.State: RUNNABLE

"Attach Listener" #5 daemon prio=5 os_prio=2 tid=0x00000000525c8000 nid=0x1698 runnable [0x0000000000000000]
   java.lang.Thread.State: RUNNABLE

"Signal Dispatcher" #4 daemon prio=9 os_prio=2 tid=0x00000000525c3000 nid=0x1b3c waiting on condition [0x0000000000000000]
   java.lang.Thread.State: RUNNABLE

"Finalizer" #3 daemon prio=8 os_prio=1 tid=0x00000000525aa000 nid=0x12f0 in Object.wait() [0x000000005378f000]
   java.lang.Thread.State: WAITING (on object monitor)
	at java.lang.Object.wait(Native Method)
	- waiting on <0x00000000f18df928> (a java.lang.ref.ReferenceQueue$Lock)
	at java.lang.ref.ReferenceQueue.remove(Unknown Source)
	- locked <0x00000000f18df928> (a java.lang.ref.ReferenceQueue$Lock)
	at java.lang.ref.ReferenceQueue.remove(Unknown Source)
	at java.lang.ref.Finalizer$FinalizerThread.run(Unknown Source)

"Reference Handler" #2 daemon prio=10 os_prio=2 tid=0x0000000052563000 nid=0x1068 in Object.wait() [0x00000000534ff000]
   java.lang.Thread.State: WAITING (on object monitor)
	at java.lang.Object.wait(Native Method)
	- waiting on <0x00000000f18df8b8> (a java.lang.ref.Reference$Lock)
	at java.lang.Object.wait(Unknown Source)
	at java.lang.ref.Reference.tryHandlePending(Unknown Source)
	- locked <0x00000000f18df8b8> (a java.lang.ref.Reference$Lock)
	at java.lang.ref.Reference$ReferenceHandler.run(Unknown Source)

"main" #1 prio=5 os_prio=0 tid=0x00000000010de800 nid=0x1ad4 waiting on condition [0x00000000016be000]
   java.lang.Thread.State: TIMED_WAITING (sleeping)
	at java.lang.Thread.sleep(Native Method)
	at org.apache.catalina.core.StandardServer.await(StandardServer.java:570)
	at org.apache.catalina.startup.Catalina.await(Catalina.java:721)
	at org.apache.catalina.startup.Catalina.start(Catalina.java:667)
	at sun.reflect.NativeMethodAccessorImpl.invoke0(Native Method)
	at sun.reflect.NativeMethodAccessorImpl.invoke(Unknown Source)
	at sun.reflect.DelegatingMethodAccessorImpl.invoke(Unknown Source)
	at java.lang.reflect.Method.invoke(Unknown Source)
	at org.apache.catalina.startup.Bootstrap.start(Bootstrap.java:343)
	at org.apache.catalina.startup.Bootstrap.main(Bootstrap.java:474)

"VM Thread" os_prio=2 tid=0x000000005255b000 nid=0x1004 runnable 

"GC task thread#0 (ParallelGC)" os_prio=0 tid=0x0000000000fbd000 nid=0x1b64 runnable 

"GC task thread#1 (ParallelGC)" os_prio=0 tid=0x0000000000fbe800 nid=0x12c4 runnable 

"GC task thread#2 (ParallelGC)" os_prio=0 tid=0x0000000000fc0000 nid=0xd34 runnable 

"GC task thread#3 (ParallelGC)" os_prio=0 tid=0x0000000000fc3800 nid=0xce4 runnable 

"VM Periodic Task Thread" os_prio=2 tid=0x0000000053bd8800 nid=0x19b4 waiting on condition 

JNI global references: 261

Heap
 PSYoungGen      total 69632K, used 62600K [0x00000000fab00000, 0x0000000100000000, 0x0000000100000000)
  eden space 53760K, 99% used [0x00000000fab00000,0x00000000fdf67680,0x00000000fdf80000)
  from space 15872K, 56% used [0x00000000fdf80000,0x00000000fe83aaa8,0x00000000fef00000)
  to   space 15360K, 0% used [0x00000000ff100000,0x00000000ff100000,0x0000000100000000)
 ParOldGen       total 87552K, used 30750K [0x00000000f0000000, 0x00000000f5580000, 0x00000000fab00000)
  object space 87552K, 35% used [0x00000000f0000000,0x00000000f1e07828,0x00000000f5580000)
 Metaspace       used 18000K, capacity 18528K, committed 18688K, reserved 1064960K
  class space    used 2009K, capacity 2188K, committed 2304K, reserved 1048576K


2020-06-15 16:14:22 Apache Commons Daemon procrun stdout initialized.

2020-06-15 16:14:53 Apache Commons Daemon procrun stdout initialized.

2020-06-15 16:15:57 Apache Commons Daemon procrun stdout initialized.

2020-06-15 16:17:30 Apache Commons Daemon procrun stdout initialized.
2020-06-15 16:17:54
Full thread dump Java HotSpot(TM) 64-Bit Server VM (25.251-b08 mixed mode):

"Catalina-utility-2" #17 prio=1 os_prio=-2 tid=0x0000000057121000 nid=0x1958 waiting on condition [0x000000005a1fe000]
   java.lang.Thread.State: TIMED_WAITING (parking)
	at sun.misc.Unsafe.park(Native Method)
	- parking to wait for  <0x00000000f1ac4ed0> (a java.util.concurrent.locks.AbstractQueuedSynchronizer$ConditionObject)
	at java.util.concurrent.locks.LockSupport.parkNanos(Unknown Source)
	at java.util.concurrent.locks.AbstractQueuedSynchronizer$ConditionObject.awaitNanos(Unknown Source)
	at java.util.concurrent.ScheduledThreadPoolExecutor$DelayedWorkQueue.take(Unknown Source)
	at java.util.concurrent.ScheduledThreadPoolExecutor$DelayedWorkQueue.take(Unknown Source)
	at java.util.concurrent.ThreadPoolExecutor.getTask(Unknown Source)
	at java.util.concurrent.ThreadPoolExecutor.runWorker(Unknown Source)
	at java.util.concurrent.ThreadPoolExecutor$Worker.run(Unknown Source)
	at org.apache.tomcat.util.threads.TaskThread$WrappingRunnable.run(TaskThread.java:61)
	at java.lang.Thread.run(Unknown Source)

"Catalina-utility-1" #16 prio=1 os_prio=-2 tid=0x0000000058fc9000 nid=0xab4 waiting on condition [0x0000000059f0e000]
   java.lang.Thread.State: WAITING (parking)
	at sun.misc.Unsafe.park(Native Method)
	- parking to wait for  <0x00000000f1ac4ed0> (a java.util.concurrent.locks.AbstractQueuedSynchronizer$ConditionObject)
	at java.util.concurrent.locks.LockSupport.park(Unknown Source)
	at java.util.concurrent.locks.AbstractQueuedSynchronizer$ConditionObject.await(Unknown Source)
	at java.util.concurrent.ScheduledThreadPoolExecutor$DelayedWorkQueue.take(Unknown Source)
	at java.util.concurrent.ScheduledThreadPoolExecutor$DelayedWorkQueue.take(Unknown Source)
	at java.util.concurrent.ThreadPoolExecutor.getTask(Unknown Source)
	at java.util.concurrent.ThreadPoolExecutor.runWorker(Unknown Source)
	at java.util.concurrent.ThreadPoolExecutor$Worker.run(Unknown Source)
	at org.apache.tomcat.util.threads.TaskThread$WrappingRunnable.run(TaskThread.java:61)
	at java.lang.Thread.run(Unknown Source)

"GC Daemon" #15 daemon prio=2 os_prio=-2 tid=0x0000000054be1800 nid=0x1180 in Object.wait() [0x000000005660f000]
   java.lang.Thread.State: TIMED_WAITING (on object monitor)
	at java.lang.Object.wait(Native Method)
	- waiting on <0x00000000f1b858a8> (a sun.misc.GC$LatencyLock)
	at sun.misc.GC$Daemon.run(Unknown Source)
	- locked <0x00000000f1b858a8> (a sun.misc.GC$LatencyLock)

"mysql-cj-abandoned-connection-cleanup" #14 daemon prio=5 os_prio=0 tid=0x0000000055106000 nid=0x126c in Object.wait() [0x00000000564be000]
   java.lang.Thread.State: TIMED_WAITING (on object monitor)
	at java.lang.Object.wait(Native Method)
	- waiting on <0x00000000f1b858b8> (a java.lang.ref.ReferenceQueue$Lock)
	at java.lang.ref.ReferenceQueue.remove(Unknown Source)
	- locked <0x00000000f1b858b8> (a java.lang.ref.ReferenceQueue$Lock)
	at com.mysql.jdbc.AbandonedConnectionCleanupThread.run(AbandonedConnectionCleanupThread.java:80)
	at java.util.concurrent.ThreadPoolExecutor.runWorker(Unknown Source)
	at java.util.concurrent.ThreadPoolExecutor$Worker.run(Unknown Source)
	at java.lang.Thread.run(Unknown Source)

"FileHandlerLogFilesCleaner-1" #13 daemon prio=5 os_prio=0 tid=0x0000000054702800 nid=0xc38 waiting on condition [0x000000005504f000]
   java.lang.Thread.State: WAITING (parking)
	at sun.misc.Unsafe.park(Native Method)
	- parking to wait for  <0x00000000f1a0e1a0> (a java.util.concurrent.locks.AbstractQueuedSynchronizer$ConditionObject)
	at java.util.concurrent.locks.LockSupport.park(Unknown Source)
	at java.util.concurrent.locks.AbstractQueuedSynchronizer$ConditionObject.await(Unknown Source)
	at java.util.concurrent.LinkedBlockingQueue.take(Unknown Source)
	at java.util.concurrent.ThreadPoolExecutor.getTask(Unknown Source)
	at java.util.concurrent.ThreadPoolExecutor.runWorker(Unknown Source)
	at java.util.concurrent.ThreadPoolExecutor$Worker.run(Unknown Source)
	at java.lang.Thread.run(Unknown Source)

"AsyncFileHandlerWriter-1878246837" #12 daemon prio=5 os_prio=0 tid=0x0000000053daa000 nid=0xa50 waiting on condition [0x000000005469f000]
   java.lang.Thread.State: TIMED_WAITING (parking)
	at sun.misc.Unsafe.park(Native Method)
	- parking to wait for  <0x00000000f1b858f8> (a java.util.concurrent.locks.AbstractQueuedSynchronizer$ConditionObject)
	at java.util.concurrent.locks.LockSupport.parkNanos(Unknown Source)
	at java.util.concurrent.locks.AbstractQueuedSynchronizer$ConditionObject.awaitNanos(Unknown Source)
	at java.util.concurrent.LinkedBlockingDeque.pollFirst(Unknown Source)
	at java.util.concurrent.LinkedBlockingDeque.poll(Unknown Source)
	at org.apache.juli.AsyncFileHandler$LoggerThread.run(AsyncFileHandler.java:159)

"Service Thread" #9 daemon prio=9 os_prio=0 tid=0x0000000053c9f800 nid=0x10b4 runnable [0x0000000000000000]
   java.lang.Thread.State: RUNNABLE

"C1 CompilerThread2" #8 daemon prio=9 os_prio=2 tid=0x0000000053c38800 nid=0x12ac waiting on condition [0x0000000000000000]
   java.lang.Thread.State: RUNNABLE

"C2 CompilerThread1" #7 daemon prio=9 os_prio=2 tid=0x0000000053c32000 nid=0x1498 waiting on condition [0x0000000000000000]
   java.lang.Thread.State: RUNNABLE

"C2 CompilerThread0" #6 daemon prio=9 os_prio=2 tid=0x000000005230c800 nid=0x1b14 waiting on condition [0x0000000000000000]
   java.lang.Thread.State: RUNNABLE

"Attach Listener" #5 daemon prio=5 os_prio=2 tid=0x0000000052309800 nid=0x14b0 runnable [0x0000000000000000]
   java.lang.Thread.State: RUNNABLE

"Signal Dispatcher" #4 daemon prio=9 os_prio=2 tid=0x0000000052304800 nid=0x15c0 waiting on condition [0x0000000000000000]
   java.lang.Thread.State: RUNNABLE

"Finalizer" #3 daemon prio=8 os_prio=1 tid=0x00000000522ed800 nid=0x1ad4 in Object.wait() [0x00000000538ff000]
   java.lang.Thread.State: WAITING (on object monitor)
	at java.lang.Object.wait(Native Method)
	- waiting on <0x00000000f1a7a640> (a java.lang.ref.ReferenceQueue$Lock)
	at java.lang.ref.ReferenceQueue.remove(Unknown Source)
	- locked <0x00000000f1a7a640> (a java.lang.ref.ReferenceQueue$Lock)
	at java.lang.ref.ReferenceQueue.remove(Unknown Source)
	at java.lang.ref.Finalizer$FinalizerThread.run(Unknown Source)

"Reference Handler" #2 daemon prio=10 os_prio=2 tid=0x00000000522a7000 nid=0x1b64 in Object.wait() [0x000000005373f000]
   java.lang.Thread.State: WAITING (on object monitor)
	at java.lang.Object.wait(Native Method)
	- waiting on <0x00000000f1b91690> (a java.lang.ref.Reference$Lock)
	at java.lang.Object.wait(Unknown Source)
	at java.lang.ref.Reference.tryHandlePending(Unknown Source)
	- locked <0x00000000f1b91690> (a java.lang.ref.Reference$Lock)
	at java.lang.ref.Reference$ReferenceHandler.run(Unknown Source)

"main" #1 prio=5 os_prio=0 tid=0x00000000012de800 nid=0x19b4 waiting on condition [0x000000000153e000]
   java.lang.Thread.State: TIMED_WAITING (sleeping)
	at java.lang.Thread.sleep(Native Method)
	at org.apache.catalina.core.StandardServer.await(StandardServer.java:570)
	at org.apache.catalina.startup.Catalina.await(Catalina.java:721)
	at org.apache.catalina.startup.Catalina.start(Catalina.java:667)
	at sun.reflect.NativeMethodAccessorImpl.invoke0(Native Method)
	at sun.reflect.NativeMethodAccessorImpl.invoke(Unknown Source)
	at sun.reflect.DelegatingMethodAccessorImpl.invoke(Unknown Source)
	at java.lang.reflect.Method.invoke(Unknown Source)
	at org.apache.catalina.startup.Bootstrap.start(Bootstrap.java:343)
	at org.apache.catalina.startup.Bootstrap.main(Bootstrap.java:474)

"VM Thread" os_prio=2 tid=0x000000005229b000 nid=0x1598 runnable 

"GC task thread#0 (ParallelGC)" os_prio=0 tid=0x00000000011bd000 nid=0x73c runnable 

"GC task thread#1 (ParallelGC)" os_prio=0 tid=0x00000000011be800 nid=0x408 runnable 

"GC task thread#2 (ParallelGC)" os_prio=0 tid=0x00000000011c0000 nid=0x1aa4 runnable 

"GC task thread#3 (ParallelGC)" os_prio=0 tid=0x00000000011c3800 nid=0x1068 runnable 

"VM Periodic Task Thread" os_prio=2 tid=0x0000000053cd1000 nid=0x1a0c waiting on condition 

JNI global references: 261

Heap
 PSYoungGen      total 71168K, used 53364K [0x00000000fab00000, 0x0000000100000000, 0x0000000100000000)
  eden space 55808K, 81% used [0x00000000fab00000,0x00000000fd730870,0x00000000fe180000)
  from space 15360K, 52% used [0x00000000fe180000,0x00000000fe96c840,0x00000000ff080000)
  to   space 15360K, 0% used [0x00000000ff100000,0x00000000ff100000,0x0000000100000000)
 ParOldGen       total 87552K, used 32050K [0x00000000f0000000, 0x00000000f5580000, 0x00000000fab00000)
  object space 87552K, 36% used [0x00000000f0000000,0x00000000f1f4cb48,0x00000000f5580000)
 Metaspace       used 18365K, capacity 18936K, committed 19200K, reserved 1067008K
  class space    used 2056K, capacity 2260K, committed 2304K, reserved 1048576K

2020-06-15 16:20:01
Full thread dump Java HotSpot(TM) 64-Bit Server VM (25.251-b08 mixed mode):

"Catalina-utility-2" #17 prio=1 os_prio=-2 tid=0x0000000057121000 nid=0x1958 waiting on condition [0x000000005a1fe000]
   java.lang.Thread.State: TIMED_WAITING (parking)
	at sun.misc.Unsafe.park(Native Method)
	- parking to wait for  <0x00000000f1ac4ed0> (a java.util.concurrent.locks.AbstractQueuedSynchronizer$ConditionObject)
	at java.util.concurrent.locks.LockSupport.parkNanos(Unknown Source)
	at java.util.concurrent.locks.AbstractQueuedSynchronizer$ConditionObject.awaitNanos(Unknown Source)
	at java.util.concurrent.ScheduledThreadPoolExecutor$DelayedWorkQueue.take(Unknown Source)
	at java.util.concurrent.ScheduledThreadPoolExecutor$DelayedWorkQueue.take(Unknown Source)
	at java.util.concurrent.ThreadPoolExecutor.getTask(Unknown Source)
	at java.util.concurrent.ThreadPoolExecutor.runWorker(Unknown Source)
	at java.util.concurrent.ThreadPoolExecutor$Worker.run(Unknown Source)
	at org.apache.tomcat.util.threads.TaskThread$WrappingRunnable.run(TaskThread.java:61)
	at java.lang.Thread.run(Unknown Source)

"Catalina-utility-1" #16 prio=1 os_prio=-2 tid=0x0000000058fc9000 nid=0xab4 waiting on condition [0x0000000059f0e000]
   java.lang.Thread.State: WAITING (parking)
	at sun.misc.Unsafe.park(Native Method)
	- parking to wait for  <0x00000000f1ac4ed0> (a java.util.concurrent.locks.AbstractQueuedSynchronizer$ConditionObject)
	at java.util.concurrent.locks.LockSupport.park(Unknown Source)
	at java.util.concurrent.locks.AbstractQueuedSynchronizer$ConditionObject.await(Unknown Source)
	at java.util.concurrent.ScheduledThreadPoolExecutor$DelayedWorkQueue.take(Unknown Source)
	at java.util.concurrent.ScheduledThreadPoolExecutor$DelayedWorkQueue.take(Unknown Source)
	at java.util.concurrent.ThreadPoolExecutor.getTask(Unknown Source)
	at java.util.concurrent.ThreadPoolExecutor.runWorker(Unknown Source)
	at java.util.concurrent.ThreadPoolExecutor$Worker.run(Unknown Source)
	at org.apache.tomcat.util.threads.TaskThread$WrappingRunnable.run(TaskThread.java:61)
	at java.lang.Thread.run(Unknown Source)

"GC Daemon" #15 daemon prio=2 os_prio=-2 tid=0x0000000054be1800 nid=0x1180 in Object.wait() [0x000000005660f000]
   java.lang.Thread.State: TIMED_WAITING (on object monitor)
	at java.lang.Object.wait(Native Method)
	- waiting on <0x00000000f1b858a8> (a sun.misc.GC$LatencyLock)
	at sun.misc.GC$Daemon.run(Unknown Source)
	- locked <0x00000000f1b858a8> (a sun.misc.GC$LatencyLock)

"mysql-cj-abandoned-connection-cleanup" #14 daemon prio=5 os_prio=0 tid=0x0000000055106000 nid=0x126c in Object.wait() [0x00000000564be000]
   java.lang.Thread.State: TIMED_WAITING (on object monitor)
	at java.lang.Object.wait(Native Method)
	- waiting on <0x00000000f1b858b8> (a java.lang.ref.ReferenceQueue$Lock)
	at java.lang.ref.ReferenceQueue.remove(Unknown Source)
	- locked <0x00000000f1b858b8> (a java.lang.ref.ReferenceQueue$Lock)
	at com.mysql.jdbc.AbandonedConnectionCleanupThread.run(AbandonedConnectionCleanupThread.java:80)
	at java.util.concurrent.ThreadPoolExecutor.runWorker(Unknown Source)
	at java.util.concurrent.ThreadPoolExecutor$Worker.run(Unknown Source)
	at java.lang.Thread.run(Unknown Source)

"FileHandlerLogFilesCleaner-1" #13 daemon prio=5 os_prio=0 tid=0x0000000054702800 nid=0xc38 waiting on condition [0x000000005504f000]
   java.lang.Thread.State: WAITING (parking)
	at sun.misc.Unsafe.park(Native Method)
	- parking to wait for  <0x00000000f1a0e1a0> (a java.util.concurrent.locks.AbstractQueuedSynchronizer$ConditionObject)
	at java.util.concurrent.locks.LockSupport.park(Unknown Source)
	at java.util.concurrent.locks.AbstractQueuedSynchronizer$ConditionObject.await(Unknown Source)
	at java.util.concurrent.LinkedBlockingQueue.take(Unknown Source)
	at java.util.concurrent.ThreadPoolExecutor.getTask(Unknown Source)
	at java.util.concurrent.ThreadPoolExecutor.runWorker(Unknown Source)
	at java.util.concurrent.ThreadPoolExecutor$Worker.run(Unknown Source)
	at java.lang.Thread.run(Unknown Source)

"AsyncFileHandlerWriter-1878246837" #12 daemon prio=5 os_prio=0 tid=0x0000000053daa000 nid=0xa50 waiting on condition [0x000000005469f000]
   java.lang.Thread.State: TIMED_WAITING (parking)
	at sun.misc.Unsafe.park(Native Method)
	- parking to wait for  <0x00000000f1b858f8> (a java.util.concurrent.locks.AbstractQueuedSynchronizer$ConditionObject)
	at java.util.concurrent.locks.LockSupport.parkNanos(Unknown Source)
	at java.util.concurrent.locks.AbstractQueuedSynchronizer$ConditionObject.awaitNanos(Unknown Source)
	at java.util.concurrent.LinkedBlockingDeque.pollFirst(Unknown Source)
	at java.util.concurrent.LinkedBlockingDeque.poll(Unknown Source)
	at org.apache.juli.AsyncFileHandler$LoggerThread.run(AsyncFileHandler.java:159)

"Service Thread" #9 daemon prio=9 os_prio=0 tid=0x0000000053c9f800 nid=0x10b4 runnable [0x0000000000000000]
   java.lang.Thread.State: RUNNABLE

"C1 CompilerThread2" #8 daemon prio=9 os_prio=2 tid=0x0000000053c38800 nid=0x12ac waiting on condition [0x0000000000000000]
   java.lang.Thread.State: RUNNABLE

"C2 CompilerThread1" #7 daemon prio=9 os_prio=2 tid=0x0000000053c32000 nid=0x1498 waiting on condition [0x0000000000000000]
   java.lang.Thread.State: RUNNABLE

"C2 CompilerThread0" #6 daemon prio=9 os_prio=2 tid=0x000000005230c800 nid=0x1b14 waiting on condition [0x0000000000000000]
   java.lang.Thread.State: RUNNABLE

"Attach Listener" #5 daemon prio=5 os_prio=2 tid=0x0000000052309800 nid=0x14b0 runnable [0x0000000000000000]
   java.lang.Thread.State: RUNNABLE

"Signal Dispatcher" #4 daemon prio=9 os_prio=2 tid=0x0000000052304800 nid=0x15c0 waiting on condition [0x0000000000000000]
   java.lang.Thread.State: RUNNABLE

"Finalizer" #3 daemon prio=8 os_prio=1 tid=0x00000000522ed800 nid=0x1ad4 in Object.wait() [0x00000000538ff000]
   java.lang.Thread.State: WAITING (on object monitor)
	at java.lang.Object.wait(Native Method)
	- waiting on <0x00000000f1a7a640> (a java.lang.ref.ReferenceQueue$Lock)
	at java.lang.ref.ReferenceQueue.remove(Unknown Source)
	- locked <0x00000000f1a7a640> (a java.lang.ref.ReferenceQueue$Lock)
	at java.lang.ref.ReferenceQueue.remove(Unknown Source)
	at java.lang.ref.Finalizer$FinalizerThread.run(Unknown Source)

"Reference Handler" #2 daemon prio=10 os_prio=2 tid=0x00000000522a7000 nid=0x1b64 in Object.wait() [0x000000005373f000]
   java.lang.Thread.State: WAITING (on object monitor)
	at java.lang.Object.wait(Native Method)
	- waiting on <0x00000000f1b91690> (a java.lang.ref.Reference$Lock)
	at java.lang.Object.wait(Unknown Source)
	at java.lang.ref.Reference.tryHandlePending(Unknown Source)
	- locked <0x00000000f1b91690> (a java.lang.ref.Reference$Lock)
	at java.lang.ref.Reference$ReferenceHandler.run(Unknown Source)

"main" #1 prio=5 os_prio=0 tid=0x00000000012de800 nid=0x19b4 waiting on condition [0x000000000153e000]
   java.lang.Thread.State: TIMED_WAITING (sleeping)
	at java.lang.Thread.sleep(Native Method)
	at org.apache.catalina.core.StandardServer.await(StandardServer.java:570)
	at org.apache.catalina.startup.Catalina.await(Catalina.java:721)
	at org.apache.catalina.startup.Catalina.start(Catalina.java:667)
	at sun.reflect.NativeMethodAccessorImpl.invoke0(Native Method)
	at sun.reflect.NativeMethodAccessorImpl.invoke(Unknown Source)
	at sun.reflect.DelegatingMethodAccessorImpl.invoke(Unknown Source)
	at java.lang.reflect.Method.invoke(Unknown Source)
	at org.apache.catalina.startup.Bootstrap.start(Bootstrap.java:343)
	at org.apache.catalina.startup.Bootstrap.main(Bootstrap.java:474)

"VM Thread" os_prio=2 tid=0x000000005229b000 nid=0x1598 runnable 

"GC task thread#0 (ParallelGC)" os_prio=0 tid=0x00000000011bd000 nid=0x73c runnable 

"GC task thread#1 (ParallelGC)" os_prio=0 tid=0x00000000011be800 nid=0x408 runnable 

"GC task thread#2 (ParallelGC)" os_prio=0 tid=0x00000000011c0000 nid=0x1aa4 runnable 

"GC task thread#3 (ParallelGC)" os_prio=0 tid=0x00000000011c3800 nid=0x1068 runnable 

"VM Periodic Task Thread" os_prio=2 tid=0x0000000053cd1000 nid=0x1a0c waiting on condition 

JNI global references: 261

Heap
 PSYoungGen      total 71168K, used 54108K [0x00000000fab00000, 0x0000000100000000, 0x0000000100000000)
  eden space 55808K, 82% used [0x00000000fab00000,0x00000000fd7ea948,0x00000000fe180000)
  from space 15360K, 52% used [0x00000000fe180000,0x00000000fe96c840,0x00000000ff080000)
  to   space 15360K, 0% used [0x00000000ff100000,0x00000000ff100000,0x0000000100000000)
 ParOldGen       total 87552K, used 32050K [0x00000000f0000000, 0x00000000f5580000, 0x00000000fab00000)
  object space 87552K, 36% used [0x00000000f0000000,0x00000000f1f4cb48,0x00000000f5580000)
 Metaspace       used 18416K, capacity 18936K, committed 19200K, reserved 1067008K
  class space    used 2056K, capacity 2260K, committed 2304K, reserved 1048576K

2020-06-15 16:28:03
Full thread dump Java HotSpot(TM) 64-Bit Server VM (25.251-b08 mixed mode):

"Catalina-utility-2" #17 prio=1 os_prio=-2 tid=0x0000000057121000 nid=0x1958 waiting on condition [0x000000005a1fe000]
   java.lang.Thread.State: TIMED_WAITING (parking)
	at sun.misc.Unsafe.park(Native Method)
	- parking to wait for  <0x00000000f1ac4ed0> (a java.util.concurrent.locks.AbstractQueuedSynchronizer$ConditionObject)
	at java.util.concurrent.locks.LockSupport.parkNanos(Unknown Source)
	at java.util.concurrent.locks.AbstractQueuedSynchronizer$ConditionObject.awaitNanos(Unknown Source)
	at java.util.concurrent.ScheduledThreadPoolExecutor$DelayedWorkQueue.take(Unknown Source)
	at java.util.concurrent.ScheduledThreadPoolExecutor$DelayedWorkQueue.take(Unknown Source)
	at java.util.concurrent.ThreadPoolExecutor.getTask(Unknown Source)
	at java.util.concurrent.ThreadPoolExecutor.runWorker(Unknown Source)
	at java.util.concurrent.ThreadPoolExecutor$Worker.run(Unknown Source)
	at org.apache.tomcat.util.threads.TaskThread$WrappingRunnable.run(TaskThread.java:61)
	at java.lang.Thread.run(Unknown Source)

"Catalina-utility-1" #16 prio=1 os_prio=-2 tid=0x0000000058fc9000 nid=0xab4 waiting on condition [0x0000000059f0e000]
   java.lang.Thread.State: WAITING (parking)
	at sun.misc.Unsafe.park(Native Method)
	- parking to wait for  <0x00000000f1ac4ed0> (a java.util.concurrent.locks.AbstractQueuedSynchronizer$ConditionObject)
	at java.util.concurrent.locks.LockSupport.park(Unknown Source)
	at java.util.concurrent.locks.AbstractQueuedSynchronizer$ConditionObject.await(Unknown Source)
	at java.util.concurrent.ScheduledThreadPoolExecutor$DelayedWorkQueue.take(Unknown Source)
	at java.util.concurrent.ScheduledThreadPoolExecutor$DelayedWorkQueue.take(Unknown Source)
	at java.util.concurrent.ThreadPoolExecutor.getTask(Unknown Source)
	at java.util.concurrent.ThreadPoolExecutor.runWorker(Unknown Source)
	at java.util.concurrent.ThreadPoolExecutor$Worker.run(Unknown Source)
	at org.apache.tomcat.util.threads.TaskThread$WrappingRunnable.run(TaskThread.java:61)
	at java.lang.Thread.run(Unknown Source)

"GC Daemon" #15 daemon prio=2 os_prio=-2 tid=0x0000000054be1800 nid=0x1180 in Object.wait() [0x000000005660f000]
   java.lang.Thread.State: TIMED_WAITING (on object monitor)
	at java.lang.Object.wait(Native Method)
	- waiting on <0x00000000f1b858a8> (a sun.misc.GC$LatencyLock)
	at sun.misc.GC$Daemon.run(Unknown Source)
	- locked <0x00000000f1b858a8> (a sun.misc.GC$LatencyLock)

"mysql-cj-abandoned-connection-cleanup" #14 daemon prio=5 os_prio=0 tid=0x0000000055106000 nid=0x126c in Object.wait() [0x00000000564be000]
   java.lang.Thread.State: TIMED_WAITING (on object monitor)
	at java.lang.Object.wait(Native Method)
	at java.lang.ref.ReferenceQueue.remove(Unknown Source)
	- locked <0x00000000f1b858b8> (a java.lang.ref.ReferenceQueue$Lock)
	at com.mysql.jdbc.AbandonedConnectionCleanupThread.run(AbandonedConnectionCleanupThread.java:80)
	at java.util.concurrent.ThreadPoolExecutor.runWorker(Unknown Source)
	at java.util.concurrent.ThreadPoolExecutor$Worker.run(Unknown Source)
	at java.lang.Thread.run(Unknown Source)

"FileHandlerLogFilesCleaner-1" #13 daemon prio=5 os_prio=0 tid=0x0000000054702800 nid=0xc38 waiting on condition [0x000000005504f000]
   java.lang.Thread.State: WAITING (parking)
	at sun.misc.Unsafe.park(Native Method)
	- parking to wait for  <0x00000000f1a0e1a0> (a java.util.concurrent.locks.AbstractQueuedSynchronizer$ConditionObject)
	at java.util.concurrent.locks.LockSupport.park(Unknown Source)
	at java.util.concurrent.locks.AbstractQueuedSynchronizer$ConditionObject.await(Unknown Source)
	at java.util.concurrent.LinkedBlockingQueue.take(Unknown Source)
	at java.util.concurrent.ThreadPoolExecutor.getTask(Unknown Source)
	at java.util.concurrent.ThreadPoolExecutor.runWorker(Unknown Source)
	at java.util.concurrent.ThreadPoolExecutor$Worker.run(Unknown Source)
	at java.lang.Thread.run(Unknown Source)

"AsyncFileHandlerWriter-1878246837" #12 daemon prio=5 os_prio=0 tid=0x0000000053daa000 nid=0xa50 waiting on condition [0x000000005469f000]
   java.lang.Thread.State: TIMED_WAITING (parking)
	at sun.misc.Unsafe.park(Native Method)
	- parking to wait for  <0x00000000f1b858f8> (a java.util.concurrent.locks.AbstractQueuedSynchronizer$ConditionObject)
	at java.util.concurrent.locks.LockSupport.parkNanos(Unknown Source)
	at java.util.concurrent.locks.AbstractQueuedSynchronizer$ConditionObject.awaitNanos(Unknown Source)
	at java.util.concurrent.LinkedBlockingDeque.pollFirst(Unknown Source)
	at java.util.concurrent.LinkedBlockingDeque.poll(Unknown Source)
	at org.apache.juli.AsyncFileHandler$LoggerThread.run(AsyncFileHandler.java:159)

"Service Thread" #9 daemon prio=9 os_prio=0 tid=0x0000000053c9f800 nid=0x10b4 runnable [0x0000000000000000]
   java.lang.Thread.State: RUNNABLE

"C1 CompilerThread2" #8 daemon prio=9 os_prio=2 tid=0x0000000053c38800 nid=0x12ac waiting on condition [0x0000000000000000]
   java.lang.Thread.State: RUNNABLE

"C2 CompilerThread1" #7 daemon prio=9 os_prio=2 tid=0x0000000053c32000 nid=0x1498 waiting on condition [0x0000000000000000]
   java.lang.Thread.State: RUNNABLE

"C2 CompilerThread0" #6 daemon prio=9 os_prio=2 tid=0x000000005230c800 nid=0x1b14 waiting on condition [0x0000000000000000]
   java.lang.Thread.State: RUNNABLE

"Attach Listener" #5 daemon prio=5 os_prio=2 tid=0x0000000052309800 nid=0x14b0 runnable [0x0000000000000000]
   java.lang.Thread.State: RUNNABLE

"Signal Dispatcher" #4 daemon prio=9 os_prio=2 tid=0x0000000052304800 nid=0x15c0 waiting on condition [0x0000000000000000]
   java.lang.Thread.State: RUNNABLE

"Finalizer" #3 daemon prio=8 os_prio=1 tid=0x00000000522ed800 nid=0x1ad4 in Object.wait() [0x00000000538ff000]
   java.lang.Thread.State: WAITING (on object monitor)
	at java.lang.Object.wait(Native Method)
	at java.lang.ref.ReferenceQueue.remove(Unknown Source)
	- locked <0x00000000f1a7a640> (a java.lang.ref.ReferenceQueue$Lock)
	at java.lang.ref.ReferenceQueue.remove(Unknown Source)
	at java.lang.ref.Finalizer$FinalizerThread.run(Unknown Source)

"Reference Handler" #2 daemon prio=10 os_prio=2 tid=0x00000000522a7000 nid=0x1b64 in Object.wait() [0x000000005373f000]
   java.lang.Thread.State: WAITING (on object monitor)
	at java.lang.Object.wait(Native Method)
	at java.lang.Object.wait(Unknown Source)
	at java.lang.ref.Reference.tryHandlePending(Unknown Source)
	- locked <0x00000000f1b91690> (a java.lang.ref.Reference$Lock)
	at java.lang.ref.Reference$ReferenceHandler.run(Unknown Source)

"main" #1 prio=5 os_prio=0 tid=0x00000000012de800 nid=0x19b4 waiting on condition [0x000000000153e000]
   java.lang.Thread.State: TIMED_WAITING (sleeping)
	at java.lang.Thread.sleep(Native Method)
	at org.apache.catalina.core.StandardServer.await(StandardServer.java:570)
	at org.apache.catalina.startup.Catalina.await(Catalina.java:721)
	at org.apache.catalina.startup.Catalina.start(Catalina.java:667)
	at sun.reflect.NativeMethodAccessorImpl.invoke0(Native Method)
	at sun.reflect.NativeMethodAccessorImpl.invoke(Unknown Source)
	at sun.reflect.DelegatingMethodAccessorImpl.invoke(Unknown Source)
	at java.lang.reflect.Method.invoke(Unknown Source)
	at org.apache.catalina.startup.Bootstrap.start(Bootstrap.java:343)
	at org.apache.catalina.startup.Bootstrap.main(Bootstrap.java:474)

"VM Thread" os_prio=2 tid=0x000000005229b000 nid=0x1598 runnable 

"GC task thread#0 (ParallelGC)" os_prio=0 tid=0x00000000011bd000 nid=0x73c runnable 

"GC task thread#1 (ParallelGC)" os_prio=0 tid=0x00000000011be800 nid=0x408 runnable 

"GC task thread#2 (ParallelGC)" os_prio=0 tid=0x00000000011c0000 nid=0x1aa4 runnable 

"GC task thread#3 (ParallelGC)" os_prio=0 tid=0x00000000011c3800 nid=0x1068 runnable 

"VM Periodic Task Thread" os_prio=2 tid=0x0000000053cd1000 nid=0x1a0c waiting on condition 

JNI global references: 261

Heap
 PSYoungGen      total 71680K, used 9779K [0x00000000fab00000, 0x0000000100000000, 0x0000000100000000)
  eden space 56320K, 2% used [0x00000000fab00000,0x00000000fac8d9e8,0x00000000fe200000)
  from space 15360K, 53% used [0x00000000ff100000,0x00000000ff8ff460,0x0000000100000000)
  to   space 15360K, 0% used [0x00000000fe200000,0x00000000fe200000,0x00000000ff100000)
 ParOldGen       total 87552K, used 33146K [0x00000000f0000000, 0x00000000f5580000, 0x00000000fab00000)
  object space 87552K, 37% used [0x00000000f0000000,0x00000000f205e980,0x00000000f5580000)
 Metaspace       used 18947K, capacity 19554K, committed 19840K, reserved 1067008K
  class space    used 2114K, capacity 2336K, committed 2432K, reserved 1048576K


2020-06-15 16:28:25 Apache Commons Daemon procrun stdout initialized.
2020-06-15 16:32:11
Full thread dump Java HotSpot(TM) 64-Bit Server VM (25.251-b08 mixed mode):

"http-nio-8080-Acceptor" #30 daemon prio=5 os_prio=0 tid=0x0000000053a4c000 nid=0x1bb8 runnable [0x000000005a22e000]
   java.lang.Thread.State: RUNNABLE
	at sun.nio.ch.ServerSocketChannelImpl.accept0(Native Method)
	at sun.nio.ch.ServerSocketChannelImpl.accept(Unknown Source)
	at sun.nio.ch.ServerSocketChannelImpl.accept(Unknown Source)
	- locked <0x00000000f03b50f8> (a java.lang.Object)
	at org.apache.tomcat.util.net.NioEndpoint.serverSocketAccept(NioEndpoint.java:469)
	at org.apache.tomcat.util.net.NioEndpoint.serverSocketAccept(NioEndpoint.java:71)
	at org.apache.tomcat.util.net.Acceptor.run(Acceptor.java:95)
	at java.lang.Thread.run(Unknown Source)

"http-nio-8080-ClientPoller" #29 daemon prio=5 os_prio=0 tid=0x0000000053a4b000 nid=0x1bd8 runnable [0x0000000059cff000]
   java.lang.Thread.State: RUNNABLE
	at sun.nio.ch.WindowsSelectorImpl$SubSelector.poll0(Native Method)
	at sun.nio.ch.WindowsSelectorImpl$SubSelector.poll(Unknown Source)
	at sun.nio.ch.WindowsSelectorImpl$SubSelector.access$400(Unknown Source)
	at sun.nio.ch.WindowsSelectorImpl.doSelect(Unknown Source)
	at sun.nio.ch.SelectorImpl.lockAndDoSelect(Unknown Source)
	- locked <0x00000000f09062f0> (a sun.nio.ch.Util$3)
	- locked <0x00000000f09062e0> (a java.util.Collections$UnmodifiableSet)
	- locked <0x00000000f09016a8> (a sun.nio.ch.WindowsSelectorImpl)
	at sun.nio.ch.SelectorImpl.select(Unknown Source)
	at org.apache.tomcat.util.net.NioEndpoint$Poller.run(NioEndpoint.java:709)
	at java.lang.Thread.run(Unknown Source)

"http-nio-8080-exec-10" #28 daemon prio=5 os_prio=0 tid=0x0000000053a4a000 nid=0x5ac waiting on condition [0x000000005a00f000]
   java.lang.Thread.State: WAITING (parking)
	at sun.misc.Unsafe.park(Native Method)
	- parking to wait for  <0x00000000f093a418> (a java.util.concurrent.locks.AbstractQueuedSynchronizer$ConditionObject)
	at java.util.concurrent.locks.LockSupport.park(Unknown Source)
	at java.util.concurrent.locks.AbstractQueuedSynchronizer$ConditionObject.await(Unknown Source)
	at java.util.concurrent.LinkedBlockingQueue.take(Unknown Source)
	at org.apache.tomcat.util.threads.TaskQueue.take(TaskQueue.java:107)
	at org.apache.tomcat.util.threads.TaskQueue.take(TaskQueue.java:33)
	at java.util.concurrent.ThreadPoolExecutor.getTask(Unknown Source)
	at java.util.concurrent.ThreadPoolExecutor.runWorker(Unknown Source)
	at java.util.concurrent.ThreadPoolExecutor$Worker.run(Unknown Source)
	at org.apache.tomcat.util.threads.TaskThread$WrappingRunnable.run(TaskThread.java:61)
	at java.lang.Thread.run(Unknown Source)

"http-nio-8080-exec-9" #27 daemon prio=5 os_prio=0 tid=0x0000000053a49800 nid=0x1328 waiting on condition [0x0000000059e2f000]
   java.lang.Thread.State: WAITING (parking)
	at sun.misc.Unsafe.park(Native Method)
	- parking to wait for  <0x00000000f093a418> (a java.util.concurrent.locks.AbstractQueuedSynchronizer$ConditionObject)
	at java.util.concurrent.locks.LockSupport.park(Unknown Source)
	at java.util.concurrent.locks.AbstractQueuedSynchronizer$ConditionObject.await(Unknown Source)
	at java.util.concurrent.LinkedBlockingQueue.take(Unknown Source)
	at org.apache.tomcat.util.threads.TaskQueue.take(TaskQueue.java:107)
	at org.apache.tomcat.util.threads.TaskQueue.take(TaskQueue.java:33)
	at java.util.concurrent.ThreadPoolExecutor.getTask(Unknown Source)
	at java.util.concurrent.ThreadPoolExecutor.runWorker(Unknown Source)
	at java.util.concurrent.ThreadPoolExecutor$Worker.run(Unknown Source)
	at org.apache.tomcat.util.threads.TaskThread$WrappingRunnable.run(TaskThread.java:61)
	at java.lang.Thread.run(Unknown Source)

"http-nio-8080-exec-8" #26 daemon prio=5 os_prio=0 tid=0x0000000053a48800 nid=0xaf4 waiting on condition [0x0000000059bfe000]
   java.lang.Thread.State: WAITING (parking)
	at sun.misc.Unsafe.park(Native Method)
	- parking to wait for  <0x00000000f093a418> (a java.util.concurrent.locks.AbstractQueuedSynchronizer$ConditionObject)
	at java.util.concurrent.locks.LockSupport.park(Unknown Source)
	at java.util.concurrent.locks.AbstractQueuedSynchronizer$ConditionObject.await(Unknown Source)
	at java.util.concurrent.LinkedBlockingQueue.take(Unknown Source)
	at org.apache.tomcat.util.threads.TaskQueue.take(TaskQueue.java:107)
	at org.apache.tomcat.util.threads.TaskQueue.take(TaskQueue.java:33)
	at java.util.concurrent.ThreadPoolExecutor.getTask(Unknown Source)
	at java.util.concurrent.ThreadPoolExecutor.runWorker(Unknown Source)
	at java.util.concurrent.ThreadPoolExecutor$Worker.run(Unknown Source)
	at org.apache.tomcat.util.threads.TaskThread$WrappingRunnable.run(TaskThread.java:61)
	at java.lang.Thread.run(Unknown Source)

"http-nio-8080-exec-7" #25 daemon prio=5 os_prio=0 tid=0x0000000053a48000 nid=0x19a0 waiting on condition [0x00000000592ae000]
   java.lang.Thread.State: WAITING (parking)
	at sun.misc.Unsafe.park(Native Method)
	- parking to wait for  <0x00000000f093a418> (a java.util.concurrent.locks.AbstractQueuedSynchronizer$ConditionObject)
	at java.util.concurrent.locks.LockSupport.park(Unknown Source)
	at java.util.concurrent.locks.AbstractQueuedSynchronizer$ConditionObject.await(Unknown Source)
	at java.util.concurrent.LinkedBlockingQueue.take(Unknown Source)
	at org.apache.tomcat.util.threads.TaskQueue.take(TaskQueue.java:107)
	at org.apache.tomcat.util.threads.TaskQueue.take(TaskQueue.java:33)
	at java.util.concurrent.ThreadPoolExecutor.getTask(Unknown Source)
	at java.util.concurrent.ThreadPoolExecutor.runWorker(Unknown Source)
	at java.util.concurrent.ThreadPoolExecutor$Worker.run(Unknown Source)
	at org.apache.tomcat.util.threads.TaskThread$WrappingRunnable.run(TaskThread.java:61)
	at java.lang.Thread.run(Unknown Source)

"http-nio-8080-exec-6" #24 daemon prio=5 os_prio=0 tid=0x0000000053a47000 nid=0xde4 waiting on condition [0x0000000059aae000]
   java.lang.Thread.State: WAITING (parking)
	at sun.misc.Unsafe.park(Native Method)
	- parking to wait for  <0x00000000f093a418> (a java.util.concurrent.locks.AbstractQueuedSynchronizer$ConditionObject)
	at java.util.concurrent.locks.LockSupport.park(Unknown Source)
	at java.util.concurrent.locks.AbstractQueuedSynchronizer$ConditionObject.await(Unknown Source)
	at java.util.concurrent.LinkedBlockingQueue.take(Unknown Source)
	at org.apache.tomcat.util.threads.TaskQueue.take(TaskQueue.java:107)
	at org.apache.tomcat.util.threads.TaskQueue.take(TaskQueue.java:33)
	at java.util.concurrent.ThreadPoolExecutor.getTask(Unknown Source)
	at java.util.concurrent.ThreadPoolExecutor.runWorker(Unknown Source)
	at java.util.concurrent.ThreadPoolExecutor$Worker.run(Unknown Source)
	at org.apache.tomcat.util.threads.TaskThread$WrappingRunnable.run(TaskThread.java:61)
	at java.lang.Thread.run(Unknown Source)

"http-nio-8080-exec-5" #23 daemon prio=5 os_prio=0 tid=0x0000000053a46800 nid=0x9c4 waiting on condition [0x000000005642e000]
   java.lang.Thread.State: WAITING (parking)
	at sun.misc.Unsafe.park(Native Method)
	- parking to wait for  <0x00000000f093a418> (a java.util.concurrent.locks.AbstractQueuedSynchronizer$ConditionObject)
	at java.util.concurrent.locks.LockSupport.park(Unknown Source)
	at java.util.concurrent.locks.AbstractQueuedSynchronizer$ConditionObject.await(Unknown Source)
	at java.util.concurrent.LinkedBlockingQueue.take(Unknown Source)
	at org.apache.tomcat.util.threads.TaskQueue.take(TaskQueue.java:107)
	at org.apache.tomcat.util.threads.TaskQueue.take(TaskQueue.java:33)
	at java.util.concurrent.ThreadPoolExecutor.getTask(Unknown Source)
	at java.util.concurrent.ThreadPoolExecutor.runWorker(Unknown Source)
	at java.util.concurrent.ThreadPoolExecutor$Worker.run(Unknown Source)
	at org.apache.tomcat.util.threads.TaskThread$WrappingRunnable.run(TaskThread.java:61)
	at java.lang.Thread.run(Unknown Source)

"http-nio-8080-exec-4" #22 daemon prio=5 os_prio=0 tid=0x0000000053a45800 nid=0x1b74 waiting on condition [0x000000005985e000]
   java.lang.Thread.State: WAITING (parking)
	at sun.misc.Unsafe.park(Native Method)
	- parking to wait for  <0x00000000f093a418> (a java.util.concurrent.locks.AbstractQueuedSynchronizer$ConditionObject)
	at java.util.concurrent.locks.LockSupport.park(Unknown Source)
	at java.util.concurrent.locks.AbstractQueuedSynchronizer$ConditionObject.await(Unknown Source)
	at java.util.concurrent.LinkedBlockingQueue.take(Unknown Source)
	at org.apache.tomcat.util.threads.TaskQueue.take(TaskQueue.java:107)
	at org.apache.tomcat.util.threads.TaskQueue.take(TaskQueue.java:33)
	at java.util.concurrent.ThreadPoolExecutor.getTask(Unknown Source)
	at java.util.concurrent.ThreadPoolExecutor.runWorker(Unknown Source)
	at java.util.concurrent.ThreadPoolExecutor$Worker.run(Unknown Source)
	at org.apache.tomcat.util.threads.TaskThread$WrappingRunnable.run(TaskThread.java:61)
	at java.lang.Thread.run(Unknown Source)

"http-nio-8080-exec-3" #21 daemon prio=5 os_prio=0 tid=0x0000000053a45000 nid=0xe34 waiting on condition [0x00000000596df000]
   java.lang.Thread.State: WAITING (parking)
	at sun.misc.Unsafe.park(Native Method)
	- parking to wait for  <0x00000000f093a418> (a java.util.concurrent.locks.AbstractQueuedSynchronizer$ConditionObject)
	at java.util.concurrent.locks.LockSupport.park(Unknown Source)
	at java.util.concurrent.locks.AbstractQueuedSynchronizer$ConditionObject.await(Unknown Source)
	at java.util.concurrent.LinkedBlockingQueue.take(Unknown Source)
	at org.apache.tomcat.util.threads.TaskQueue.take(TaskQueue.java:107)
	at org.apache.tomcat.util.threads.TaskQueue.take(TaskQueue.java:33)
	at java.util.concurrent.ThreadPoolExecutor.getTask(Unknown Source)
	at java.util.concurrent.ThreadPoolExecutor.runWorker(Unknown Source)
	at java.util.concurrent.ThreadPoolExecutor$Worker.run(Unknown Source)
	at org.apache.tomcat.util.threads.TaskThread$WrappingRunnable.run(TaskThread.java:61)
	at java.lang.Thread.run(Unknown Source)

"http-nio-8080-exec-2" #20 daemon prio=5 os_prio=0 tid=0x0000000053a44000 nid=0x10d8 waiting on condition [0x000000005959f000]
   java.lang.Thread.State: WAITING (parking)
	at sun.misc.Unsafe.park(Native Method)
	- parking to wait for  <0x00000000f093a418> (a java.util.concurrent.locks.AbstractQueuedSynchronizer$ConditionObject)
	at java.util.concurrent.locks.LockSupport.park(Unknown Source)
	at java.util.concurrent.locks.AbstractQueuedSynchronizer$ConditionObject.await(Unknown Source)
	at java.util.concurrent.LinkedBlockingQueue.take(Unknown Source)
	at org.apache.tomcat.util.threads.TaskQueue.take(TaskQueue.java:107)
	at org.apache.tomcat.util.threads.TaskQueue.take(TaskQueue.java:33)
	at java.util.concurrent.ThreadPoolExecutor.getTask(Unknown Source)
	at java.util.concurrent.ThreadPoolExecutor.runWorker(Unknown Source)
	at java.util.concurrent.ThreadPoolExecutor$Worker.run(Unknown Source)
	at org.apache.tomcat.util.threads.TaskThread$WrappingRunnable.run(TaskThread.java:61)
	at java.lang.Thread.run(Unknown Source)

"http-nio-8080-exec-1" #19 daemon prio=5 os_prio=0 tid=0x0000000053a43800 nid=0xf04 waiting on condition [0x00000000593cf000]
   java.lang.Thread.State: WAITING (parking)
	at sun.misc.Unsafe.park(Native Method)
	- parking to wait for  <0x00000000f093a418> (a java.util.concurrent.locks.AbstractQueuedSynchronizer$ConditionObject)
	at java.util.concurrent.locks.LockSupport.park(Unknown Source)
	at java.util.concurrent.locks.AbstractQueuedSynchronizer$ConditionObject.await(Unknown Source)
	at java.util.concurrent.LinkedBlockingQueue.take(Unknown Source)
	at org.apache.tomcat.util.threads.TaskQueue.take(TaskQueue.java:107)
	at org.apache.tomcat.util.threads.TaskQueue.take(TaskQueue.java:33)
	at java.util.concurrent.ThreadPoolExecutor.getTask(Unknown Source)
	at java.util.concurrent.ThreadPoolExecutor.runWorker(Unknown Source)
	at java.util.concurrent.ThreadPoolExecutor$Worker.run(Unknown Source)
	at org.apache.tomcat.util.threads.TaskThread$WrappingRunnable.run(TaskThread.java:61)
	at java.lang.Thread.run(Unknown Source)

"Catalina-utility-2" #18 prio=1 os_prio=-2 tid=0x0000000056ff0800 nid=0x10a4 waiting on condition [0x000000005905e000]
   java.lang.Thread.State: WAITING (parking)
	at sun.misc.Unsafe.park(Native Method)
	- parking to wait for  <0x00000000f03b3c48> (a java.util.concurrent.locks.AbstractQueuedSynchronizer$ConditionObject)
	at java.util.concurrent.locks.LockSupport.park(Unknown Source)
	at java.util.concurrent.locks.AbstractQueuedSynchronizer$ConditionObject.await(Unknown Source)
	at java.util.concurrent.ScheduledThreadPoolExecutor$DelayedWorkQueue.take(Unknown Source)
	at java.util.concurrent.ScheduledThreadPoolExecutor$DelayedWorkQueue.take(Unknown Source)
	at java.util.concurrent.ThreadPoolExecutor.getTask(Unknown Source)
	at java.util.concurrent.ThreadPoolExecutor.runWorker(Unknown Source)
	at java.util.concurrent.ThreadPoolExecutor$Worker.run(Unknown Source)
	at org.apache.tomcat.util.threads.TaskThread$WrappingRunnable.run(TaskThread.java:61)
	at java.lang.Thread.run(Unknown Source)

"Catalina-utility-1" #17 prio=1 os_prio=-2 tid=0x00000000573e1800 nid=0x14c8 waiting on condition [0x00000000591ae000]
   java.lang.Thread.State: TIMED_WAITING (parking)
	at sun.misc.Unsafe.park(Native Method)
	- parking to wait for  <0x00000000f03b3c48> (a java.util.concurrent.locks.AbstractQueuedSynchronizer$ConditionObject)
	at java.util.concurrent.locks.LockSupport.parkNanos(Unknown Source)
	at java.util.concurrent.locks.AbstractQueuedSynchronizer$ConditionObject.awaitNanos(Unknown Source)
	at java.util.concurrent.ScheduledThreadPoolExecutor$DelayedWorkQueue.take(Unknown Source)
	at java.util.concurrent.ScheduledThreadPoolExecutor$DelayedWorkQueue.take(Unknown Source)
	at java.util.concurrent.ThreadPoolExecutor.getTask(Unknown Source)
	at java.util.concurrent.ThreadPoolExecutor.runWorker(Unknown Source)
	at java.util.concurrent.ThreadPoolExecutor$Worker.run(Unknown Source)
	at org.apache.tomcat.util.threads.TaskThread$WrappingRunnable.run(TaskThread.java:61)
	at java.lang.Thread.run(Unknown Source)

"http-nio-8080-BlockPoller" #16 daemon prio=5 os_prio=0 tid=0x0000000055740000 nid=0x1b2c runnable [0x0000000056a9e000]
   java.lang.Thread.State: RUNNABLE
	at sun.nio.ch.WindowsSelectorImpl$SubSelector.poll0(Native Method)
	at sun.nio.ch.WindowsSelectorImpl$SubSelector.poll(Unknown Source)
	at sun.nio.ch.WindowsSelectorImpl$SubSelector.access$400(Unknown Source)
	at sun.nio.ch.WindowsSelectorImpl.doSelect(Unknown Source)
	at sun.nio.ch.SelectorImpl.lockAndDoSelect(Unknown Source)
	- locked <0x00000000f039d830> (a sun.nio.ch.Util$3)
	- locked <0x00000000f039d820> (a java.util.Collections$UnmodifiableSet)
	- locked <0x00000000f039d6c0> (a sun.nio.ch.WindowsSelectorImpl)
	at sun.nio.ch.SelectorImpl.select(Unknown Source)
	at org.apache.tomcat.util.net.NioBlockingSelector$BlockPoller.run(NioBlockingSelector.java:313)

"GC Daemon" #15 daemon prio=2 os_prio=-2 tid=0x0000000054a05800 nid=0xcd8 in Object.wait() [0x000000005654f000]
   java.lang.Thread.State: TIMED_WAITING (on object monitor)
	at java.lang.Object.wait(Native Method)
	- waiting on <0x00000000f04fe608> (a sun.misc.GC$LatencyLock)
	at sun.misc.GC$Daemon.run(Unknown Source)
	- locked <0x00000000f04fe608> (a sun.misc.GC$LatencyLock)

"mysql-cj-abandoned-connection-cleanup" #14 daemon prio=5 os_prio=0 tid=0x0000000054c3a000 nid=0xce8 in Object.wait() [0x000000005503f000]
   java.lang.Thread.State: TIMED_WAITING (on object monitor)
	at java.lang.Object.wait(Native Method)
	- waiting on <0x00000000f0527ac0> (a java.lang.ref.ReferenceQueue$Lock)
	at java.lang.ref.ReferenceQueue.remove(Unknown Source)
	- locked <0x00000000f0527ac0> (a java.lang.ref.ReferenceQueue$Lock)
	at com.mysql.jdbc.AbandonedConnectionCleanupThread.run(AbandonedConnectionCleanupThread.java:80)
	at java.util.concurrent.ThreadPoolExecutor.runWorker(Unknown Source)
	at java.util.concurrent.ThreadPoolExecutor$Worker.run(Unknown Source)
	at java.lang.Thread.run(Unknown Source)

"FileHandlerLogFilesCleaner-1" #13 daemon prio=5 os_prio=0 tid=0x000000005474a000 nid=0x13ec waiting on condition [0x000000005429f000]
   java.lang.Thread.State: WAITING (parking)
	at sun.misc.Unsafe.park(Native Method)
	- parking to wait for  <0x00000000f03a7cb0> (a java.util.concurrent.locks.AbstractQueuedSynchronizer$ConditionObject)
	at java.util.concurrent.locks.LockSupport.park(Unknown Source)
	at java.util.concurrent.locks.AbstractQueuedSynchronizer$ConditionObject.await(Unknown Source)
	at java.util.concurrent.LinkedBlockingQueue.take(Unknown Source)
	at java.util.concurrent.ThreadPoolExecutor.getTask(Unknown Source)
	at java.util.concurrent.ThreadPoolExecutor.runWorker(Unknown Source)
	at java.util.concurrent.ThreadPoolExecutor$Worker.run(Unknown Source)
	at java.lang.Thread.run(Unknown Source)

"AsyncFileHandlerWriter-1878246837" #12 daemon prio=5 os_prio=0 tid=0x0000000053bca000 nid=0xbb8 waiting on condition [0x00000000546ef000]
   java.lang.Thread.State: TIMED_WAITING (parking)
	at sun.misc.Unsafe.park(Native Method)
	- parking to wait for  <0x00000000f03ba3e8> (a java.util.concurrent.locks.AbstractQueuedSynchronizer$ConditionObject)
	at java.util.concurrent.locks.LockSupport.parkNanos(Unknown Source)
	at java.util.concurrent.locks.AbstractQueuedSynchronizer$ConditionObject.awaitNanos(Unknown Source)
	at java.util.concurrent.LinkedBlockingDeque.pollFirst(Unknown Source)
	at java.util.concurrent.LinkedBlockingDeque.poll(Unknown Source)
	at org.apache.juli.AsyncFileHandler$LoggerThread.run(AsyncFileHandler.java:159)

"Service Thread" #9 daemon prio=9 os_prio=0 tid=0x0000000053ab8800 nid=0x12f0 runnable [0x0000000000000000]
   java.lang.Thread.State: RUNNABLE

"C1 CompilerThread2" #8 daemon prio=9 os_prio=2 tid=0x0000000053a42000 nid=0x13a8 waiting on condition [0x0000000000000000]
   java.lang.Thread.State: RUNNABLE

"C2 CompilerThread1" #7 daemon prio=9 os_prio=2 tid=0x0000000053a41000 nid=0x1a50 waiting on condition [0x0000000000000000]
   java.lang.Thread.State: RUNNABLE

"C2 CompilerThread0" #6 daemon prio=9 os_prio=2 tid=0x000000005234d000 nid=0x1b78 waiting on condition [0x0000000000000000]
   java.lang.Thread.State: RUNNABLE

"Attach Listener" #5 daemon prio=5 os_prio=2 tid=0x0000000052349000 nid=0x16a8 runnable [0x0000000000000000]
   java.lang.Thread.State: RUNNABLE

"Signal Dispatcher" #4 daemon prio=9 os_prio=2 tid=0x0000000052344000 nid=0xc68 waiting on condition [0x0000000000000000]
   java.lang.Thread.State: RUNNABLE

"Finalizer" #3 daemon prio=8 os_prio=1 tid=0x000000005232d800 nid=0x944 in Object.wait() [0x00000000534fe000]
   java.lang.Thread.State: WAITING (on object monitor)
	at java.lang.Object.wait(Native Method)
	- waiting on <0x00000000f0530288> (a java.lang.ref.ReferenceQueue$Lock)
	at java.lang.ref.ReferenceQueue.remove(Unknown Source)
	- locked <0x00000000f0530288> (a java.lang.ref.ReferenceQueue$Lock)
	at java.lang.ref.ReferenceQueue.remove(Unknown Source)
	at java.lang.ref.Finalizer$FinalizerThread.run(Unknown Source)

"Reference Handler" #2 daemon prio=10 os_prio=2 tid=0x00000000522e6800 nid=0x1510 in Object.wait() [0x000000005373f000]
   java.lang.Thread.State: WAITING (on object monitor)
	at java.lang.Object.wait(Native Method)
	- waiting on <0x00000000f05302c8> (a java.lang.ref.Reference$Lock)
	at java.lang.Object.wait(Unknown Source)
	at java.lang.ref.Reference.tryHandlePending(Unknown Source)
	- locked <0x00000000f05302c8> (a java.lang.ref.Reference$Lock)
	at java.lang.ref.Reference$ReferenceHandler.run(Unknown Source)

"main" #1 prio=5 os_prio=0 tid=0x000000000149e800 nid=0x10e4 waiting on condition [0x000000000161e000]
   java.lang.Thread.State: TIMED_WAITING (sleeping)
	at java.lang.Thread.sleep(Native Method)
	at org.apache.catalina.core.StandardServer.await(StandardServer.java:570)
	at org.apache.catalina.startup.Catalina.await(Catalina.java:721)
	at org.apache.catalina.startup.Catalina.start(Catalina.java:667)
	at sun.reflect.NativeMethodAccessorImpl.invoke0(Native Method)
	at sun.reflect.NativeMethodAccessorImpl.invoke(Unknown Source)
	at sun.reflect.DelegatingMethodAccessorImpl.invoke(Unknown Source)
	at java.lang.reflect.Method.invoke(Unknown Source)
	at org.apache.catalina.startup.Bootstrap.start(Bootstrap.java:343)
	at org.apache.catalina.startup.Bootstrap.main(Bootstrap.java:474)

"VM Thread" os_prio=2 tid=0x00000000522de800 nid=0x1a68 runnable 

"GC task thread#0 (ParallelGC)" os_prio=0 tid=0x0000000000efd000 nid=0xf7c runnable 

"GC task thread#1 (ParallelGC)" os_prio=0 tid=0x0000000000efe800 nid=0x964 runnable 

"GC task thread#2 (ParallelGC)" os_prio=0 tid=0x0000000000f00000 nid=0x88c runnable 

"GC task thread#3 (ParallelGC)" os_prio=0 tid=0x0000000000f03800 nid=0x16c8 runnable 

"VM Periodic Task Thread" os_prio=2 tid=0x0000000053aec000 nid=0x12d8 waiting on condition 

JNI global references: 270

Heap
 PSYoungGen      total 71168K, used 13095K [0x00000000fab00000, 0x0000000100000000, 0x0000000100000000)
  eden space 56320K, 12% used [0x00000000fab00000,0x00000000fb1f3900,0x00000000fe200000)
  from space 14848K, 40% used [0x00000000fe200000,0x00000000fe7d6638,0x00000000ff080000)
  to   space 14848K, 0% used [0x00000000ff180000,0x00000000ff180000,0x0000000100000000)
 ParOldGen       total 87552K, used 22750K [0x00000000f0000000, 0x00000000f5580000, 0x00000000fab00000)
  object space 87552K, 25% used [0x00000000f0000000,0x00000000f16378e8,0x00000000f5580000)
 Metaspace       used 32519K, capacity 33326K, committed 33536K, reserved 1079296K
  class space    used 3356K, capacity 3582K, committed 3584K, reserved 1048576K

